-------------------------------------------------------------------------------
Test set: TestRunner
-------------------------------------------------------------------------------
Tests run: 1, Failures: 1, Errors: 0, Skipped: 0, Time elapsed: 5.864 s <<< FAILURE! - in TestRunner
TestRunner.runScenario["Student should be able to register with valid info", "Optional[Sign up]"](1)  Time elapsed: 5.323 s  <<< FAILURE!
java.lang.AssertionError: expected [Thank you for sign up] but found [Thank you for sign up, here your id - TTCfGwIx]

