<?xml version="1.0" encoding="UTF-8"?>
<testng-results skipped="0" failed="0" ignored="0" total="1" passed="1">
  <reporter-output>
  </reporter-output>
  <suite name="Surefire suite" duration-ms="5500" started-at="2022-04-04T13:36:30 PDT" finished-at="2022-04-04T13:36:36 PDT">
    <groups>
      <group name="cucumber">
        <method signature="AbstractTestNGCucumberTests.runScenario(io.cucumber.testng.PickleWrapper, io.cucumber.testng.FeatureWrapper)[pri:0, instance:TestRunner@23e028a9]" name="runScenario" class="io.cucumber.testng.AbstractTestNGCucumberTests"/>
      </group> <!-- cucumber -->
    </groups>
    <test name="Surefire test" duration-ms="5500" started-at="2022-04-04T13:36:30 PDT" finished-at="2022-04-04T13:36:36 PDT">
      <class name="TestRunner">
        <test-method status="PASS" signature="setUpClass()[pri:0, instance:TestRunner@23e028a9]" name="setUpClass" is-config="true" duration-ms="201" started-at="2022-04-04T13:36:30 PDT" finished-at="2022-04-04T13:36:31 PDT">
          <reporter-output>
          </reporter-output>
        </test-method> <!-- setUpClass -->
        <test-method status="PASS" signature="runScenario(io.cucumber.testng.PickleWrapper, io.cucumber.testng.FeatureWrapper)[pri:0, instance:TestRunner@23e028a9]" name="runScenario" duration-ms="5149" started-at="2022-04-04T13:36:31 PDT" description="Runs Cucumber Scenarios" data-provider="scenarios" finished-at="2022-04-04T13:36:36 PDT">
          <params>
            <param index="0">
              <value>
                <![CDATA["Login with valid email and password"]]>
              </value>
            </param>
            <param index="1">
              <value>
                <![CDATA["Optional[Login Feature Test]"]]>
              </value>
            </param>
          </params>
          <reporter-output>
          </reporter-output>
        </test-method> <!-- runScenario -->
        <test-method status="PASS" signature="tearDownClass()[pri:0, instance:TestRunner@23e028a9]" name="tearDownClass" is-config="true" duration-ms="121" started-at="2022-04-04T13:36:36 PDT" finished-at="2022-04-04T13:36:36 PDT">
          <reporter-output>
          </reporter-output>
        </test-method> <!-- tearDownClass -->
      </class> <!-- TestRunner -->
    </test> <!-- Surefire test -->
  </suite> <!-- Surefire suite -->
</testng-results>
